dev9_IMPORTS_start
I_dev9IntrEnable
I_dev9IntrDisable
I_dev9GetEEPROM
dev9_IMPORTS_end

deci2api_IMPORTS_start
I_sceDeci2Open
I_sceDeci2ExRecv
I_sceDeci2ExPanic
I_sceDeci2IfEventHandler
I_sceDeci2IfCreate
I_sceDeci2DbgPrintStatus
I_sceDeci2SetTifHandlers
I_sceDeci2_27
deci2api_IMPORTS_end

intrman_IMPORTS_start
I_EnableIntr
I_DisableDispatchIntr
intrman_IMPORTS_end

modload_IMPORTS_start
I_ReBootStart
modload_IMPORTS_end

sifman_IMPORTS_start
I_sceSifGetMSFlag
I_sceSifSetMSFlag
sifman_IMPORTS_end

stdio_IMPORTS_start
I_printf
stdio_IMPORTS_end

sysclib_IMPORTS_start
I_look_ctype_table
I_bcopy
I_bzero
I_strcmp
I_strncmp
I_memcpy
I_memset
I_memcmp
I_strcpy
I_strtok
I_strtoul
I_strlen
sysclib_IMPORTS_end

sysmem_IMPORTS_start
I_AllocSysMemory
I_FreeSysMemory
sysmem_IMPORTS_end

thbase_IMPORTS_start
I_CreateThread
I_StartThread
I_iWakeupThread
I_SleepThread
I_DelayThread
I_SetAlarm
I_USec2SysClock
thbase_IMPORTS_end

timrman_IMPORTS_start
I_AllocHardTimer
I_SetTimerMode
I_SetTimerCounter
I_GetTimerCounter
I_SetTimerCompare
I_GetHardTimerIntrCode
timrman_IMPORTS_end
