deci2api_IMPORTS_start
I_sceDeci2Open
I_sceDeci2ExReqSend
I_sceDeci2ReqSend
I_sceDeci2ExSend
I_sceDeci2ExRecv
I_sceDeci2ExPanic
I_sceDeci2AddDbgGroup
I_sceDeci2ExWakeupThread
deci2api_IMPORTS_end

intrman_IMPORTS_start
I_CpuInvokeInKmode
intrman_IMPORTS_end

loadcore_IMPORTS_start
I_GetLoadcoreInternalData
I_QueryLibraryEntryTable
I_RegisterInitCompleteHandler
loadcore_IMPORTS_end

modload_IMPORTS_start
I_GetModloadInternalData
I_LoadModule
I_StartModule
modload_IMPORTS_end

sysclib_IMPORTS_start
I_memset
I_strcpy
I_strlen
I_strcmp
sysclib_IMPORTS_end

sysmem_IMPORTS_start
I_sysmem_11
sysmem_IMPORTS_end

thbase_IMPORTS_start
I_CreateThread
I_StartThread
I_SleepThread
I_ChangeThreadPriority
thbase_IMPORTS_end
