loadcore_IMPORTS_start
I_GetLoadcoreInternalData
loadcore_IMPORTS_end

intrman_IMPORTS_start
I_CpuSuspendIntr
I_CpuResumeIntr
intrman_IMPORTS_end

ioman_IMPORTS_start
I_open
I_write
I_close
ioman_IMPORTS_end

stdio_IMPORTS_start
I_getchar
I_fdprintf
I_fdgets
stdio_IMPORTS_end

sysclib_IMPORTS_start
I_memset
I_memcpy
I_memcmp
I_strcpy
I_strlen
I_strncmp
I_strtol
I_strcmp
I_look_ctype_table
sysclib_IMPORTS_end

thbase_IMPORTS_start
I_GetThbaseInternalStruct
I_CreateThread
I_StartThread
I_GetThreadId
I_ExitDeleteThread
I_ChangeThreadPriority
I_DelayThread
I_DeleteThread
I_TerminateThread
I_SysClock2USec
I_ReferThreadStatus
thbase_IMPORTS_end

thevent_IMPORTS_start
I_ReferEventFlagStatus
thevent_IMPORTS_end

thvpool_IMPORTS_start
I_ReferVplStatus
thvpool_IMPORTS_end

thfpool_IMPORTS_start
I_ReferFplStatus
thfpool_IMPORTS_end

thmsgbx_IMPORTS_start
I_ReferMbxStatus
thmsgbx_IMPORTS_end

thsemap_IMPORTS_start
I_ReferSemaStatus
thsemap_IMPORTS_end

//---------------------------------------------------------------------------
// End of file: imports.lst
//---------------------------------------------------------------------------
