deci2api_IMPORTS_start
I_sceDeci2Open
I_sceDeci2ExRecv
I_sceDeci2ExPanic
I_sceDeci2IfEventHandler
I_sceDeci2IfCreate
I_sceDeci2DbgPrintStatus
I_sceDeci2SetTifHandlers
I_sceDeci2_27
I_sceDeci2_28
deci2api_IMPORTS_end

intrman_IMPORTS_start
I_CpuSuspendIntr
I_CpuResumeIntr
intrman_IMPORTS_end

sifman_IMPORTS_start
I_sceSifSetMSFlag
sifman_IMPORTS_end

sysclib_IMPORTS_start
I_bcopy
sysclib_IMPORTS_end

sysmem_IMPORTS_start
I_Kprintf
sysmem_IMPORTS_end

thevent_IMPORTS_start
I_CreateEventFlag
I_SetEventFlag
I_iSetEventFlag
I_WaitEventFlag
thevent_IMPORTS_end
